<?xml version="1.0" encoding="UTF-8"?>
<!-- Generated by org.testng.reporters.JUnitReportReporter -->
<testsuite hostname="DESKTOP-Q4SUOLR" failures="0" tests="3" name="TestNG.timeout" time="0.068" errors="0" timestamp="2023-08-11T23:55:44 AST" skipped="0">
  <testcase classname="TestNG.timeout" name="tc1" time="0.032"/>
  <testcase classname="TestNG.timeout" name="tc3" time="0.005"/>
  <testcase classname="TestNG.timeout" name="tc2" time="0.031"/>
</testsuite> <!-- TestNG.timeout -->
