<?xml version="1.0" encoding="UTF-8"?>
<!-- Generated by org.testng.reporters.JUnitReportReporter -->
<testsuite hostname="DESKTOP-Q4SUOLR" failures="0" tests="3" name="TestNG.test" time="0.096" errors="0" timestamp="2023-08-11T21:56:23 AST" skipped="0">
  <testcase classname="TestNG.test" name="tc2" time="0.070"/>
  <testcase classname="TestNG.test" name="tc3" time="0.013"/>
  <testcase classname="TestNG.test" name="tc1" time="0.013"/>
</testsuite> <!-- TestNG.test -->
