<?xml version="1.0" encoding="UTF-8"?>
<!-- Generated by org.testng.reporters.JUnitReportReporter -->
<testsuite hostname="DESKTOP-Q4SUOLR" failures="0" tests="1" name="TestNG.handleWindow" time="14.549" errors="0" timestamp="2023-08-24T17:20:34 AST" skipped="0">
  <testcase classname="TestNG.handleWindow" name="demoHandle" time="14.549"/>
</testsuite> <!-- TestNG.handleWindow -->
