<?xml version="1.0" encoding="UTF-8"?>
<!-- Generated by org.testng.reporters.JUnitReportReporter -->
<testsuite hostname="DESKTOP-Q4SUOLR" failures="0" tests="3" name="TestNG.timout" time="0.048" errors="0" timestamp="2023-08-12T12:15:44 AST" skipped="0">
  <testcase classname="TestNG.timout" name="tc1" time="0.020"/>
  <testcase classname="TestNG.timout" name="tc3" time="0.005"/>
  <testcase classname="TestNG.timout" name="tc2" time="0.023"/>
</testsuite> <!-- TestNG.timout -->
