<?xml version="1.0" encoding="UTF-8"?>
<!-- Generated by org.testng.reporters.JUnitReportReporter -->
<testsuite hostname="DESKTOP-Q4SUOLR" failures="0" tests="1" name="simple.DemoLaunch" time="9.119" errors="0" timestamp="2023-08-05T20:43:05 AST" skipped="0">
  <testcase classname="simple.DemoLaunch" name="Launch" time="9.119"/>
</testsuite> <!-- simple.DemoLaunch -->
