<?xml version="1.0" encoding="UTF-8"?>
<!-- Generated by org.testng.reporters.JUnitReportReporter -->
<testsuite hostname="DESKTOP-Q4SUOLR" failures="0" tests="7" name="TestNG.invocation" time="0.062" errors="0" timestamp="2023-08-11T23:34:32 AST" skipped="0">
  <testcase classname="TestNG.invocation" name="tc2" time="0.031"/>
  <testcase classname="TestNG.invocation" name="tc2" time="0.003"/>
  <testcase classname="TestNG.invocation" name="tc2" time="0.006"/>
  <testcase classname="TestNG.invocation" name="tc2" time="0.004"/>
  <testcase classname="TestNG.invocation" name="tc2" time="0.003"/>
  <testcase classname="TestNG.invocation" name="tc3" time="0.005"/>
  <testcase classname="TestNG.invocation" name="tc1" time="0.010"/>
</testsuite> <!-- TestNG.invocation -->
