<?xml version="1.0" encoding="UTF-8"?>
<!-- Generated by org.testng.reporters.JUnitReportReporter -->
<testsuite hostname="DESKTOP-Q4SUOLR" failures="0" tests="3" name="TestNG.priority$test" time="0.034" errors="0" timestamp="2023-08-11T22:10:10 AST" skipped="1">
  <testcase classname="TestNG.priority$test" name="tc3" time="0.022"/>
  <testcase classname="TestNG.priority$test" name="tc1" time="0.012"/>
  <testcase classname="TestNG.priority$test" name="tc2">
    <skipped/>
  </testcase> <!-- tc2 -->
</testsuite> <!-- TestNG.priority$test -->
