<?xml version="1.0" encoding="UTF-8"?>
<!-- Generated by org.testng.reporters.JUnitReportReporter -->
<testsuite hostname="DESKTOP-Q4SUOLR" failures="0" tests="1" name="TestNG.tabHandle" time="24.570" errors="0" timestamp="2023-08-24T17:16:23 AST" skipped="0">
  <testcase classname="TestNG.tabHandle" name="demoHandle" time="24.570"/>
</testsuite> <!-- TestNG.tabHandle -->
