<?xml version="1.0" encoding="UTF-8"?>
<!-- Generated by org.testng.reporters.JUnitReportReporter -->
<testsuite hostname="DESKTOP-Q4SUOLR" failures="0" tests="1" name="simple.AnotationTestng" time="0.029" errors="0" timestamp="2023-08-05T21:32:43 AST" skipped="0">
  <testcase classname="simple.AnotationTestng" name="tc1" time="0.029"/>
</testsuite> <!-- simple.AnotationTestng -->
