<?xml version="1.0" encoding="UTF-8"?>
<!-- Generated by org.testng.reporters.JUnitReportReporter -->
<testsuite hostname="DESKTOP-Q4SUOLR" failures="0" tests="2" name="DataDriven.demohardAsset" time="20.136" errors="0" timestamp="2023-08-23T23:43:29 AST" skipped="0">
  <testcase classname="DataDriven.demohardAsset" name="tc1" time="12.017"/>
  <testcase classname="DataDriven.demohardAsset" name="tc2" time="8.119"/>
</testsuite> <!-- DataDriven.demohardAsset -->
