<?xml version="1.0" encoding="UTF-8"?>
<!-- Generated by org.testng.reporters.JUnitReportReporter -->
<testsuite hostname="DESKTOP-Q4SUOLR" failures="0" tests="1" name="simple.DemoTestng" time="0.016" errors="0" timestamp="2023-08-05T18:51:27 AST" skipped="0">
  <testcase classname="simple.DemoTestng" name="tc1" time="0.016"/>
</testsuite> <!-- simple.DemoTestng -->
