<?xml version="1.0" encoding="UTF-8"?>
<!-- Generated by org.testng.reporters.JUnitReportReporter -->
<testsuite hostname="DESKTOP-Q4SUOLR" failures="0" tests="1" name="DataDriven.demoSoftAssert" time="6.161" errors="0" timestamp="2023-08-24T00:05:14 AST" skipped="0">
  <testcase classname="DataDriven.demoSoftAssert" name="tc1" time="6.161"/>
</testsuite> <!-- DataDriven.demoSoftAssert -->
